<?xml version="1.0" encoding="UTF-8"?>
<!-- Generated by org.testng.reporters.JUnitReportReporter -->
<testsuite skipped="0" hostname="LAPTOP-CGO60B0O" name="com.eCommerce.testCases.TC_SearchItemsDDT_04" tests="5" failures="0" timestamp="2020-07-27T16:47:51 CST" time="25.716" errors="0">
  <testcase name="searchDDT" time="4.646" classname="com.eCommerce.testCases.TC_SearchItemsDDT_04"/>
  <system-out/>
  <testcase name="searchDDT" time="5.858" classname="com.eCommerce.testCases.TC_SearchItemsDDT_04"/>
  <system-out/>
  <testcase name="searchDDT" time="1.967" classname="com.eCommerce.testCases.TC_SearchItemsDDT_04"/>
  <system-out/>
  <testcase name="searchDDT" time="7.641" classname="com.eCommerce.testCases.TC_SearchItemsDDT_04"/>
  <system-out/>
  <testcase name="searchDDT" time="5.604" classname="com.eCommerce.testCases.TC_SearchItemsDDT_04"/>
  <system-out/>
</testsuite> <!-- com.eCommerce.testCases.TC_SearchItemsDDT_04 -->
