<?xml version="1.0" encoding="UTF-8"?>
<!-- Generated by org.testng.reporters.JUnitReportReporter -->
<testsuite skipped="0" hostname="LAPTOP-CGO60B0O" name="com.eCommerce.testCases.TC_Departments_01" tests="1" failures="0" timestamp="2020-07-15T20:04:15 CST" time="5.825" errors="0">
  <testcase name="login" time="5.825" classname="com.eCommerce.testCases.TC_Departments_01"/>
  <system-out/>
</testsuite> <!-- com.eCommerce.testCases.TC_Departments_01 -->
