<?xml version="1.0" encoding="UTF-8"?>
<!-- Generated by org.testng.reporters.JUnitReportReporter -->
<testsuite skipped="0" hostname="LAPTOP-CGO60B0O" name="com.eCommerce.testCases.TC_Departments_Laptops_01" tests="1" failures="0" timestamp="2020-07-15T22:14:11 CST" time="13.339" errors="0">
  <testcase name="login" time="13.339" classname="com.eCommerce.testCases.TC_Departments_Laptops_01"/>
  <system-out/>
</testsuite> <!-- com.eCommerce.testCases.TC_Departments_Laptops_01 -->
