<?xml version="1.0" encoding="UTF-8"?>
<!-- Generated by org.testng.reporters.JUnitReportReporter -->
<testsuite skipped="0" hostname="LAPTOP-CGO60B0O" name="com.eCommerce.testCases.TC_Departments_Laptops_01" tests="1" failures="0" timestamp="2020-07-17T18:51:13 CST" time="10.173" errors="0">
  <testcase name="departments" time="10.173" classname="com.eCommerce.testCases.TC_Departments_Laptops_01"/>
  <system-out/>
</testsuite> <!-- com.eCommerce.testCases.TC_Departments_Laptops_01 -->
