<?xml version="1.0" encoding="UTF-8"?>
<!-- Generated by org.testng.reporters.JUnitReportReporter -->
<testsuite skipped="0" hostname="LAPTOP-CGO60B0O" name="com.eCommerce.testCases.TC_SearchItemsDDT_04" tests="5" failures="0" timestamp="2020-07-16T16:10:10 CST" time="20.303" errors="0">
  <testcase name="searchDDT" time="1.884" classname="com.eCommerce.testCases.TC_SearchItemsDDT_04"/>
  <system-out/>
  <testcase name="searchDDT" time="5.398" classname="com.eCommerce.testCases.TC_SearchItemsDDT_04"/>
  <system-out/>
  <testcase name="searchDDT" time="4.594" classname="com.eCommerce.testCases.TC_SearchItemsDDT_04"/>
  <system-out/>
  <testcase name="searchDDT" time="4.445" classname="com.eCommerce.testCases.TC_SearchItemsDDT_04"/>
  <system-out/>
  <testcase name="searchDDT" time="3.982" classname="com.eCommerce.testCases.TC_SearchItemsDDT_04"/>
  <system-out/>
</testsuite> <!-- com.eCommerce.testCases.TC_SearchItemsDDT_04 -->
