<?xml version="1.0" encoding="UTF-8"?>
<!-- Generated by org.testng.reporters.JUnitReportReporter -->
<testsuite skipped="0" hostname="LAPTOP-CGO60B0O" name="com.eCommerce.testCases.TC_Departments_CellPhones_02" tests="1" failures="0" timestamp="2020-07-27T16:47:51 CST" time="8.708" errors="0">
  <testcase name="login" time="8.708" classname="com.eCommerce.testCases.TC_Departments_CellPhones_02"/>
  <system-out/>
</testsuite> <!-- com.eCommerce.testCases.TC_Departments_CellPhones_02 -->
